<?xml version="1.0" encoding="UTF-8"?>
<!-- Generated by org.testng.reporters.JUnitReportReporter -->
<testsuite hostname="Abhijith" failures="0" tests="1" name="demo.Sample" time="0.032" errors="0" timestamp="2024-12-13T17:56:26 IST" skipped="0">
  <testcase classname="demo.Sample" name="sample" time="0.032"/>
  <system-out>
    <![CDATA[sample executed]]>
  </system-out>
</testsuite> <!-- demo.Sample -->
