<?xml version="1.0" encoding="UTF-8"?>
<!-- Generated by org.testng.reporters.JUnitReportReporter -->
<testsuite hostname="Abhijith" failures="0" tests="1" name="extentreports.AddScreenshotIntoReport" time="10.443" errors="0" timestamp="2024-12-16T17:36:50 IST" skipped="0">
  <testcase classname="extentreports.AddScreenshotIntoReport" name="addScreenshot" time="10.443"/>
  <system-out/>
</testsuite> <!-- extentreports.AddScreenshotIntoReport -->
