<?xml version="1.0" encoding="UTF-8"?>
<!-- Generated by org.testng.reporters.JUnitReportReporter -->
<testsuite hostname="Abhijith" failures="0" tests="1" name="extentreports.ToLearnExtentReports" time="0.683" errors="0" timestamp="2024-12-16T17:47:30 IST" skipped="0">
  <testcase classname="extentreports.ToLearnExtentReports" name="createReport" time="0.683"/>
  <system-out/>
</testsuite> <!-- extentreports.ToLearnExtentReports -->
